[DEBUG] 2026-05-07 22:49:39.092 [main] PackageRelationshipCollection - Parsing relationship: /xl/_rels/workbook.xml.rels
[DEBUG] 2026-05-07 22:49:39.097 [main] PackageRelationshipCollection - Parsing relationship: /xl/worksheets/_rels/sheet1.xml.rels
[DEBUG] 2026-05-07 22:49:39.098 [main] PackageRelationshipCollection - Parsing relationship: /xl/worksheets/_rels/sheet2.xml.rels
[DEBUG] 2026-05-07 22:49:39.099 [main] PackageRelationshipCollection - Parsing relationship: /xl/worksheets/_rels/sheet3.xml.rels
[DEBUG] 2026-05-07 22:49:39.100 [main] PackageRelationshipCollection - Parsing relationship: /xl/worksheets/_rels/sheet4.xml.rels
[DEBUG] 2026-05-07 22:49:39.101 [main] PackageRelationshipCollection - Parsing relationship: /_rels/.rels
[DEBUG] 2026-05-07 22:49:39.395 [main] POIXMLFactory - using default POIXMLDocumentPart for http://schemas.microsoft.com/office/2017/10/relationships/person
[INFO ] 2026-05-07 22:49:39.521 [TestNG-PoolService-1] Basetest - Setting Chrome Driver
[INFO ] 2026-05-07 22:49:40.886 [TestNG-PoolService-1] Basetest - Getting Chrome Driver
[INFO ] 2026-05-07 22:49:40.887 [TestNG-PoolService-1] Basetest - maximizing browser window
[INFO ] 2026-05-07 22:49:40.920 [TestNG-PoolService-1] Basetest - launching url in browser
[INFO ] 2026-05-07 22:49:46.722 [TestNG-PoolService-1] Basetest - Entering new username: rishwanth16
Entering new email: rishwa789@gmail.com
Entering Details
[INFO ] 2026-05-07 22:50:11.146 [TestNG-PoolService-1] Basetest - New Account Created Successfully
[INFO ] 2026-05-07 22:50:11.151 [TestNG-PoolService-1] Basetest - quitting driver
[DEBUG] 2026-05-07 22:50:11.361 [main] PackageRelationshipCollection - Parsing relationship: /xl/_rels/workbook.xml.rels
[DEBUG] 2026-05-07 22:50:11.363 [main] PackageRelationshipCollection - Parsing relationship: /xl/worksheets/_rels/sheet1.xml.rels
[DEBUG] 2026-05-07 22:50:11.364 [main] PackageRelationshipCollection - Parsing relationship: /xl/worksheets/_rels/sheet2.xml.rels
[DEBUG] 2026-05-07 22:50:11.364 [main] PackageRelationshipCollection - Parsing relationship: /xl/worksheets/_rels/sheet3.xml.rels
[DEBUG] 2026-05-07 22:50:11.364 [main] PackageRelationshipCollection - Parsing relationship: /xl/worksheets/_rels/sheet4.xml.rels
[DEBUG] 2026-05-07 22:50:11.365 [main] PackageRelationshipCollection - Parsing relationship: /_rels/.rels
[DEBUG] 2026-05-07 22:50:11.373 [main] POIXMLFactory - using default POIXMLDocumentPart for http://schemas.microsoft.com/office/2017/10/relationships/person
[INFO ] 2026-05-07 22:50:11.386 [TestNG-PoolService-1] Basetest - Setting Chrome Driver
[INFO ] 2026-05-07 22:50:12.153 [TestNG-PoolService-1] Basetest - Getting Chrome Driver
[INFO ] 2026-05-07 22:50:12.153 [TestNG-PoolService-1] Basetest - maximizing browser window
[INFO ] 2026-05-07 22:50:12.180 [TestNG-PoolService-1] Basetest - launching url in browser
[INFO ] 2026-05-07 22:50:23.109 [TestNG-PoolService-1] Basetest - Entering new username: Adhi
Entering new email: rishwa789@gmail.com
[INFO ] 2026-05-07 22:50:28.613 [TestNG-PoolService-1] Basetest - invalid register error message thrown Successfully
[INFO ] 2026-05-07 22:50:28.616 [TestNG-PoolService-1] Basetest - quitting driver
[DEBUG] 2026-05-07 22:50:28.800 [main] PackageRelationshipCollection - Parsing relationship: /xl/_rels/workbook.xml.rels
[DEBUG] 2026-05-07 22:50:28.801 [main] PackageRelationshipCollection - Parsing relationship: /xl/worksheets/_rels/sheet1.xml.rels
[DEBUG] 2026-05-07 22:50:28.801 [main] PackageRelationshipCollection - Parsing relationship: /xl/worksheets/_rels/sheet2.xml.rels
[DEBUG] 2026-05-07 22:50:28.802 [main] PackageRelationshipCollection - Parsing relationship: /xl/worksheets/_rels/sheet3.xml.rels
[DEBUG] 2026-05-07 22:50:28.802 [main] PackageRelationshipCollection - Parsing relationship: /xl/worksheets/_rels/sheet4.xml.rels
[DEBUG] 2026-05-07 22:50:28.803 [main] PackageRelationshipCollection - Parsing relationship: /_rels/.rels
[DEBUG] 2026-05-07 22:50:28.813 [main] POIXMLFactory - using default POIXMLDocumentPart for http://schemas.microsoft.com/office/2017/10/relationships/person
[INFO ] 2026-05-07 22:50:28.824 [TestNG-PoolService-1] Basetest - Setting Chrome Driver
[INFO ] 2026-05-07 22:50:29.492 [TestNG-PoolService-1] Basetest - Getting Chrome Driver
[INFO ] 2026-05-07 22:50:29.492 [TestNG-PoolService-1] Basetest - maximizing browser window
[INFO ] 2026-05-07 22:50:29.526 [TestNG-PoolService-1] Basetest - launching url in browser
[INFO ] 2026-05-07 22:50:41.691 [TestNG-PoolService-1] Basetest - Entering valid Email: rishwa789@gmail.com
Enetering valid Password
[INFO ] 2026-05-07 22:50:54.799 [TestNG-PoolService-1] Basetest - Login Successfull
[INFO ] 2026-05-07 22:50:54.800 [TestNG-PoolService-1] Basetest - quitting driver
[DEBUG] 2026-05-07 22:50:54.990 [main] PackageRelationshipCollection - Parsing relationship: /xl/_rels/workbook.xml.rels
[DEBUG] 2026-05-07 22:50:54.992 [main] PackageRelationshipCollection - Parsing relationship: /xl/worksheets/_rels/sheet1.xml.rels
[DEBUG] 2026-05-07 22:50:54.993 [main] PackageRelationshipCollection - Parsing relationship: /xl/worksheets/_rels/sheet2.xml.rels
[DEBUG] 2026-05-07 22:50:54.994 [main] PackageRelationshipCollection - Parsing relationship: /xl/worksheets/_rels/sheet3.xml.rels
[DEBUG] 2026-05-07 22:50:54.994 [main] PackageRelationshipCollection - Parsing relationship: /xl/worksheets/_rels/sheet4.xml.rels
[DEBUG] 2026-05-07 22:50:54.995 [main] PackageRelationshipCollection - Parsing relationship: /_rels/.rels
[DEBUG] 2026-05-07 22:50:55.004 [main] POIXMLFactory - using default POIXMLDocumentPart for http://schemas.microsoft.com/office/2017/10/relationships/person
[INFO ] 2026-05-07 22:50:55.015 [TestNG-PoolService-1] Basetest - Setting Chrome Driver
[INFO ] 2026-05-07 22:50:55.655 [TestNG-PoolService-1] Basetest - Getting Chrome Driver
[INFO ] 2026-05-07 22:50:55.655 [TestNG-PoolService-1] Basetest - maximizing browser window
[INFO ] 2026-05-07 22:50:55.681 [TestNG-PoolService-1] Basetest - launching url in browser
[INFO ] 2026-05-07 22:51:09.865 [TestNG-PoolService-1] Basetest - Entering valid Email: rishwa789@gmail.com
Enetering invalid Password
[INFO ] 2026-05-07 22:51:15.987 [TestNG-PoolService-1] Basetest - Got Error message for invalid login
[INFO ] 2026-05-07 22:51:15.988 [TestNG-PoolService-1] Basetest - quitting driver
[DEBUG] 2026-05-07 22:58:41.328 [main] PackageRelationshipCollection - Parsing relationship: /xl/_rels/workbook.xml.rels
[DEBUG] 2026-05-07 22:58:41.332 [main] PackageRelationshipCollection - Parsing relationship: /xl/worksheets/_rels/sheet1.xml.rels
[DEBUG] 2026-05-07 22:58:41.333 [main] PackageRelationshipCollection - Parsing relationship: /xl/worksheets/_rels/sheet2.xml.rels
[DEBUG] 2026-05-07 22:58:41.335 [main] PackageRelationshipCollection - Parsing relationship: /xl/worksheets/_rels/sheet3.xml.rels
[DEBUG] 2026-05-07 22:58:41.336 [main] PackageRelationshipCollection - Parsing relationship: /xl/worksheets/_rels/sheet4.xml.rels
[DEBUG] 2026-05-07 22:58:41.337 [main] PackageRelationshipCollection - Parsing relationship: /_rels/.rels
[DEBUG] 2026-05-07 22:58:41.619 [main] POIXMLFactory - using default POIXMLDocumentPart for http://schemas.microsoft.com/office/2017/10/relationships/person
[INFO ] 2026-05-07 22:58:41.701 [TestNG-PoolService-1] Basetest - Setting Chrome Driver
[INFO ] 2026-05-07 22:58:42.975 [TestNG-PoolService-1] Basetest - Getting Chrome Driver
[INFO ] 2026-05-07 22:58:42.975 [TestNG-PoolService-1] Basetest - maximizing browser window
[INFO ] 2026-05-07 22:58:43.018 [TestNG-PoolService-1] Basetest - launching url in browser
[INFO ] 2026-05-07 22:59:41.786 [TestNG-PoolService-1] Basetest - Entering new username: rishwanth16
Entering new email: rishwa789@gmail.com
Entering Details
[INFO ] 2026-05-07 23:05:13.765 [main] Basetest - Starting Test
[DEBUG] 2026-05-07 23:05:13.929 [main] PackageRelationshipCollection - Parsing relationship: /xl/_rels/workbook.xml.rels
[DEBUG] 2026-05-07 23:05:13.932 [main] PackageRelationshipCollection - Parsing relationship: /xl/worksheets/_rels/sheet1.xml.rels
[DEBUG] 2026-05-07 23:05:13.933 [main] PackageRelationshipCollection - Parsing relationship: /xl/worksheets/_rels/sheet2.xml.rels
[DEBUG] 2026-05-07 23:05:13.935 [main] PackageRelationshipCollection - Parsing relationship: /xl/worksheets/_rels/sheet3.xml.rels
[DEBUG] 2026-05-07 23:05:13.936 [main] PackageRelationshipCollection - Parsing relationship: /xl/worksheets/_rels/sheet4.xml.rels
[DEBUG] 2026-05-07 23:05:13.937 [main] PackageRelationshipCollection - Parsing relationship: /_rels/.rels
[DEBUG] 2026-05-07 23:05:14.200 [main] POIXMLFactory - using default POIXMLDocumentPart for http://schemas.microsoft.com/office/2017/10/relationships/person
[INFO ] 2026-05-07 23:05:14.279 [TestNG-PoolService-1] Basetest - Setting Chrome Driver
[INFO ] 2026-05-07 23:05:15.584 [TestNG-PoolService-1] Basetest - Getting Chrome Driver
[INFO ] 2026-05-07 23:05:15.584 [TestNG-PoolService-1] Basetest - maximizing browser window
[INFO ] 2026-05-07 23:05:15.613 [TestNG-PoolService-1] Basetest - launching url in browser
[INFO ] 2026-05-07 23:05:41.729 [TestNG-PoolService-1] Basetest - Test is on Start null
[INFO ] 2026-05-07 23:05:41.745 [TestNG-PoolService-1] Basetest - Entering new username: rishwanth16
Entering new email: rishwa789@gmail.com
Entering Details
[INFO ] 2026-05-07 23:05:46.674 [TestNG-PoolService-1] Basetest - Test Got Failednull
[INFO ] 2026-05-07 23:05:46.679 [TestNG-PoolService-1] Basetest - quitting driver
[DEBUG] 2026-05-07 23:05:46.892 [main] PackageRelationshipCollection - Parsing relationship: /xl/_rels/workbook.xml.rels
[DEBUG] 2026-05-07 23:05:46.893 [main] PackageRelationshipCollection - Parsing relationship: /xl/worksheets/_rels/sheet1.xml.rels
[DEBUG] 2026-05-07 23:05:46.893 [main] PackageRelationshipCollection - Parsing relationship: /xl/worksheets/_rels/sheet2.xml.rels
[DEBUG] 2026-05-07 23:05:46.894 [main] PackageRelationshipCollection - Parsing relationship: /xl/worksheets/_rels/sheet3.xml.rels
[DEBUG] 2026-05-07 23:05:46.894 [main] PackageRelationshipCollection - Parsing relationship: /xl/worksheets/_rels/sheet4.xml.rels
[DEBUG] 2026-05-07 23:05:46.895 [main] PackageRelationshipCollection - Parsing relationship: /_rels/.rels
[DEBUG] 2026-05-07 23:05:46.904 [main] POIXMLFactory - using default POIXMLDocumentPart for http://schemas.microsoft.com/office/2017/10/relationships/person
[INFO ] 2026-05-07 23:05:46.913 [TestNG-PoolService-1] Basetest - Setting Chrome Driver
[INFO ] 2026-05-07 23:05:47.635 [TestNG-PoolService-1] Basetest - Getting Chrome Driver
[INFO ] 2026-05-07 23:05:47.635 [TestNG-PoolService-1] Basetest - maximizing browser window
[INFO ] 2026-05-07 23:05:47.661 [TestNG-PoolService-1] Basetest - launching url in browser
[INFO ] 2026-05-07 23:06:28.905 [TestNG-PoolService-1] Basetest - Test is on Start null
[INFO ] 2026-05-07 23:06:28.907 [TestNG-PoolService-1] Basetest - Entering new username: Adhi
Entering new email: rishwa789@gmail.com
[INFO ] 2026-05-07 23:07:00.076 [TestNG-PoolService-1] Basetest - Test Got Failednull
[INFO ] 2026-05-07 23:07:00.081 [TestNG-PoolService-1] Basetest - quitting driver
[DEBUG] 2026-05-07 23:07:00.315 [main] PackageRelationshipCollection - Parsing relationship: /xl/_rels/workbook.xml.rels
[DEBUG] 2026-05-07 23:07:00.316 [main] PackageRelationshipCollection - Parsing relationship: /xl/worksheets/_rels/sheet1.xml.rels
[DEBUG] 2026-05-07 23:07:00.316 [main] PackageRelationshipCollection - Parsing relationship: /xl/worksheets/_rels/sheet2.xml.rels
[DEBUG] 2026-05-07 23:07:00.317 [main] PackageRelationshipCollection - Parsing relationship: /xl/worksheets/_rels/sheet3.xml.rels
[DEBUG] 2026-05-07 23:07:00.317 [main] PackageRelationshipCollection - Parsing relationship: /xl/worksheets/_rels/sheet4.xml.rels
[DEBUG] 2026-05-07 23:07:00.318 [main] PackageRelationshipCollection - Parsing relationship: /_rels/.rels
[DEBUG] 2026-05-07 23:07:00.325 [main] POIXMLFactory - using default POIXMLDocumentPart for http://schemas.microsoft.com/office/2017/10/relationships/person
[INFO ] 2026-05-07 23:07:00.334 [TestNG-PoolService-1] Basetest - Setting Chrome Driver
[INFO ] 2026-05-07 23:07:01.078 [TestNG-PoolService-1] Basetest - Getting Chrome Driver
[INFO ] 2026-05-07 23:07:01.078 [TestNG-PoolService-1] Basetest - maximizing browser window
[INFO ] 2026-05-07 23:07:01.118 [TestNG-PoolService-1] Basetest - launching url in browser
[INFO ] 2026-05-07 23:07:10.124 [TestNG-PoolService-1] Basetest - Test is on Start null
[INFO ] 2026-05-07 23:07:10.125 [TestNG-PoolService-1] Basetest - Entering valid Email: rishwa789@gmail.com
Enetering valid Password
[INFO ] 2026-05-07 23:07:15.173 [TestNG-PoolService-1] Basetest - Test Got Failednull
[INFO ] 2026-05-07 23:07:15.181 [TestNG-PoolService-1] Basetest - quitting driver
[DEBUG] 2026-05-07 23:07:15.439 [main] PackageRelationshipCollection - Parsing relationship: /xl/_rels/workbook.xml.rels
[DEBUG] 2026-05-07 23:07:15.440 [main] PackageRelationshipCollection - Parsing relationship: /xl/worksheets/_rels/sheet1.xml.rels
[DEBUG] 2026-05-07 23:07:15.441 [main] PackageRelationshipCollection - Parsing relationship: /xl/worksheets/_rels/sheet2.xml.rels
[DEBUG] 2026-05-07 23:07:15.441 [main] PackageRelationshipCollection - Parsing relationship: /xl/worksheets/_rels/sheet3.xml.rels
[DEBUG] 2026-05-07 23:07:15.441 [main] PackageRelationshipCollection - Parsing relationship: /xl/worksheets/_rels/sheet4.xml.rels
[DEBUG] 2026-05-07 23:07:15.442 [main] PackageRelationshipCollection - Parsing relationship: /_rels/.rels
[DEBUG] 2026-05-07 23:07:15.452 [main] POIXMLFactory - using default POIXMLDocumentPart for http://schemas.microsoft.com/office/2017/10/relationships/person
[INFO ] 2026-05-07 23:07:15.464 [TestNG-PoolService-1] Basetest - Setting Chrome Driver
[INFO ] 2026-05-07 23:07:16.256 [TestNG-PoolService-1] Basetest - Getting Chrome Driver
[INFO ] 2026-05-07 23:07:16.257 [TestNG-PoolService-1] Basetest - maximizing browser window
[INFO ] 2026-05-07 23:07:16.291 [TestNG-PoolService-1] Basetest - launching url in browser
[INFO ] 2026-05-07 23:07:29.312 [TestNG-PoolService-1] Basetest - Test is on Start null
[INFO ] 2026-05-07 23:07:29.314 [TestNG-PoolService-1] Basetest - Entering valid Email: rishwa789@gmail.com
Enetering invalid Password
[INFO ] 2026-05-07 23:07:33.812 [TestNG-PoolService-1] Basetest - Test Got Failednull
[INFO ] 2026-05-07 23:07:33.813 [TestNG-PoolService-1] Basetest - quitting driver
[INFO ] 2026-05-07 23:07:33.995 [main] Basetest - Test got Finished Test
[DEBUG] 2026-05-08 13:26:18.363 [main] PackageRelationshipCollection - Parsing relationship: /xl/_rels/workbook.xml.rels
[DEBUG] 2026-05-08 13:26:18.411 [main] PackageRelationshipCollection - Parsing relationship: /xl/worksheets/_rels/sheet1.xml.rels
[DEBUG] 2026-05-08 13:26:18.418 [main] PackageRelationshipCollection - Parsing relationship: /xl/worksheets/_rels/sheet2.xml.rels
[DEBUG] 2026-05-08 13:26:18.423 [main] PackageRelationshipCollection - Parsing relationship: /xl/worksheets/_rels/sheet3.xml.rels
[DEBUG] 2026-05-08 13:26:18.427 [main] PackageRelationshipCollection - Parsing relationship: /xl/worksheets/_rels/sheet4.xml.rels
[DEBUG] 2026-05-08 13:26:18.433 [main] PackageRelationshipCollection - Parsing relationship: /_rels/.rels
[DEBUG] 2026-05-08 13:26:19.983 [main] POIXMLFactory - using default POIXMLDocumentPart for http://schemas.microsoft.com/office/2017/10/relationships/person
[INFO ] 2026-05-08 13:26:20.451 [TestNG-PoolService-1] Basetest - Setting Chrome Driver
[INFO ] 2026-05-08 13:26:34.150 [TestNG-PoolService-1] Basetest - Getting Chrome Driver
[INFO ] 2026-05-08 13:26:34.151 [TestNG-PoolService-1] Basetest - maximizing browser window
[INFO ] 2026-05-08 13:26:34.405 [TestNG-PoolService-1] Basetest - launching url in browser
[INFO ] 2026-05-08 13:26:52.249 [TestNG-PoolService-1] Basetest - Entering new username: rishwanth16
Entering new email: rishwa789@gmail.com
Entering Details
[INFO ] 2026-05-08 13:27:22.918 [TestNG-PoolService-1] Basetest - New Account Created Successfully
[INFO ] 2026-05-08 13:27:22.954 [TestNG-PoolService-1] Basetest - quitting driver
[DEBUG] 2026-05-08 13:27:23.523 [main] PackageRelationshipCollection - Parsing relationship: /xl/_rels/workbook.xml.rels
[DEBUG] 2026-05-08 13:27:23.526 [main] PackageRelationshipCollection - Parsing relationship: /xl/worksheets/_rels/sheet1.xml.rels
[DEBUG] 2026-05-08 13:27:23.528 [main] PackageRelationshipCollection - Parsing relationship: /xl/worksheets/_rels/sheet2.xml.rels
[DEBUG] 2026-05-08 13:27:23.530 [main] PackageRelationshipCollection - Parsing relationship: /xl/worksheets/_rels/sheet3.xml.rels
[DEBUG] 2026-05-08 13:27:23.532 [main] PackageRelationshipCollection - Parsing relationship: /xl/worksheets/_rels/sheet4.xml.rels
[DEBUG] 2026-05-08 13:27:23.534 [main] PackageRelationshipCollection - Parsing relationship: /_rels/.rels
[DEBUG] 2026-05-08 13:27:23.561 [main] POIXMLFactory - using default POIXMLDocumentPart for http://schemas.microsoft.com/office/2017/10/relationships/person
[INFO ] 2026-05-08 13:27:23.587 [TestNG-PoolService-1] Basetest - Setting Chrome Driver
[INFO ] 2026-05-08 13:27:24.772 [TestNG-PoolService-1] Basetest - Getting Chrome Driver
[INFO ] 2026-05-08 13:27:24.773 [TestNG-PoolService-1] Basetest - maximizing browser window
[INFO ] 2026-05-08 13:27:24.899 [TestNG-PoolService-1] Basetest - launching url in browser
[INFO ] 2026-05-08 13:27:32.291 [TestNG-PoolService-1] Basetest - Entering new username: Adhi
Entering new email: rishwa789@gmail.com
[INFO ] 2026-05-08 13:27:41.871 [TestNG-PoolService-1] Basetest - invalid register error message thrown Successfully
[INFO ] 2026-05-08 13:27:41.884 [TestNG-PoolService-1] Basetest - quitting driver
[DEBUG] 2026-05-08 13:27:42.783 [main] PackageRelationshipCollection - Parsing relationship: /xl/_rels/workbook.xml.rels
[DEBUG] 2026-05-08 13:27:42.787 [main] PackageRelationshipCollection - Parsing relationship: /xl/worksheets/_rels/sheet1.xml.rels
[DEBUG] 2026-05-08 13:27:42.790 [main] PackageRelationshipCollection - Parsing relationship: /xl/worksheets/_rels/sheet2.xml.rels
[DEBUG] 2026-05-08 13:27:42.793 [main] PackageRelationshipCollection - Parsing relationship: /xl/worksheets/_rels/sheet3.xml.rels
[DEBUG] 2026-05-08 13:27:42.795 [main] PackageRelationshipCollection - Parsing relationship: /xl/worksheets/_rels/sheet4.xml.rels
[DEBUG] 2026-05-08 13:27:42.799 [main] PackageRelationshipCollection - Parsing relationship: /_rels/.rels
[DEBUG] 2026-05-08 13:27:42.838 [main] POIXMLFactory - using default POIXMLDocumentPart for http://schemas.microsoft.com/office/2017/10/relationships/person
[INFO ] 2026-05-08 13:27:42.883 [TestNG-PoolService-1] Basetest - Setting Chrome Driver
[INFO ] 2026-05-08 13:27:45.007 [TestNG-PoolService-1] Basetest - Getting Chrome Driver
[INFO ] 2026-05-08 13:27:45.008 [TestNG-PoolService-1] Basetest - maximizing browser window
[INFO ] 2026-05-08 13:27:45.174 [TestNG-PoolService-1] Basetest - launching url in browser
[INFO ] 2026-05-08 13:27:54.961 [TestNG-PoolService-1] Basetest - Entering valid Email: rishwa789@gmail.com
Enetering valid Password
[INFO ] 2026-05-08 13:28:24.550 [TestNG-PoolService-1] Basetest - Login Successfull
[INFO ] 2026-05-08 13:28:24.564 [TestNG-PoolService-1] Basetest - quitting driver
[DEBUG] 2026-05-08 13:28:24.981 [main] PackageRelationshipCollection - Parsing relationship: /xl/_rels/workbook.xml.rels
[DEBUG] 2026-05-08 13:28:24.984 [main] PackageRelationshipCollection - Parsing relationship: /xl/worksheets/_rels/sheet1.xml.rels
[DEBUG] 2026-05-08 13:28:24.987 [main] PackageRelationshipCollection - Parsing relationship: /xl/worksheets/_rels/sheet2.xml.rels
[DEBUG] 2026-05-08 13:28:24.989 [main] PackageRelationshipCollection - Parsing relationship: /xl/worksheets/_rels/sheet3.xml.rels
[DEBUG] 2026-05-08 13:28:24.992 [main] PackageRelationshipCollection - Parsing relationship: /xl/worksheets/_rels/sheet4.xml.rels
[DEBUG] 2026-05-08 13:28:24.995 [main] PackageRelationshipCollection - Parsing relationship: /_rels/.rels
[DEBUG] 2026-05-08 13:28:25.031 [main] POIXMLFactory - using default POIXMLDocumentPart for http://schemas.microsoft.com/office/2017/10/relationships/person
[INFO ] 2026-05-08 13:28:25.071 [TestNG-PoolService-1] Basetest - Setting Chrome Driver
[INFO ] 2026-05-08 13:28:26.547 [TestNG-PoolService-1] Basetest - Getting Chrome Driver
[INFO ] 2026-05-08 13:28:26.548 [TestNG-PoolService-1] Basetest - maximizing browser window
[INFO ] 2026-05-08 13:28:26.618 [TestNG-PoolService-1] Basetest - launching url in browser
[INFO ] 2026-05-08 13:28:37.657 [TestNG-PoolService-1] Basetest - Entering valid Email: rishwa789@gmail.com
Enetering invalid Password
[INFO ] 2026-05-08 13:29:04.809 [TestNG-PoolService-1] Basetest - Got Error message for invalid login
[INFO ] 2026-05-08 13:29:04.818 [TestNG-PoolService-1] Basetest - quitting driver
[DEBUG] 2026-05-08 18:45:07.080 [main] PackageRelationshipCollection - Parsing relationship: /xl/_rels/workbook.xml.rels
[DEBUG] 2026-05-08 18:45:07.085 [main] PackageRelationshipCollection - Parsing relationship: /xl/worksheets/_rels/sheet1.xml.rels
[DEBUG] 2026-05-08 18:45:07.086 [main] PackageRelationshipCollection - Parsing relationship: /xl/worksheets/_rels/sheet2.xml.rels
[DEBUG] 2026-05-08 18:45:07.087 [main] PackageRelationshipCollection - Parsing relationship: /xl/worksheets/_rels/sheet3.xml.rels
[DEBUG] 2026-05-08 18:45:07.087 [main] PackageRelationshipCollection - Parsing relationship: /xl/worksheets/_rels/sheet4.xml.rels
[DEBUG] 2026-05-08 18:45:07.088 [main] PackageRelationshipCollection - Parsing relationship: /_rels/.rels
[DEBUG] 2026-05-08 18:45:07.384 [main] POIXMLFactory - using default POIXMLDocumentPart for http://schemas.microsoft.com/office/2017/10/relationships/person
[INFO ] 2026-05-08 18:45:07.475 [TestNG-PoolService-1] Basetest - Setting Chrome Driver
[INFO ] 2026-05-08 18:45:14.051 [TestNG-PoolService-1] Basetest - Getting Chrome Driver
[INFO ] 2026-05-08 18:45:14.051 [TestNG-PoolService-1] Basetest - maximizing browser window
[INFO ] 2026-05-08 18:45:14.079 [TestNG-PoolService-1] Basetest - launching url in browser
[INFO ] 2026-05-08 18:45:22.543 [TestNG-PoolService-1] Basetest - Entering new username: rishwanth16
Entering new email: rishwa789@gmail.com
Entering Details
[INFO ] 2026-05-08 18:46:00.468 [TestNG-PoolService-1] Basetest - New Account Created Successfully
[INFO ] 2026-05-08 18:46:00.479 [TestNG-PoolService-1] Basetest - quitting driver
[DEBUG] 2026-05-08 18:46:00.703 [main] PackageRelationshipCollection - Parsing relationship: /xl/_rels/workbook.xml.rels
[DEBUG] 2026-05-08 18:46:00.704 [main] PackageRelationshipCollection - Parsing relationship: /xl/worksheets/_rels/sheet1.xml.rels
[DEBUG] 2026-05-08 18:46:00.704 [main] PackageRelationshipCollection - Parsing relationship: /xl/worksheets/_rels/sheet2.xml.rels
[DEBUG] 2026-05-08 18:46:00.705 [main] PackageRelationshipCollection - Parsing relationship: /xl/worksheets/_rels/sheet3.xml.rels
[DEBUG] 2026-05-08 18:46:00.705 [main] PackageRelationshipCollection - Parsing relationship: /xl/worksheets/_rels/sheet4.xml.rels
[DEBUG] 2026-05-08 18:46:00.706 [main] PackageRelationshipCollection - Parsing relationship: /_rels/.rels
[DEBUG] 2026-05-08 18:46:00.714 [main] POIXMLFactory - using default POIXMLDocumentPart for http://schemas.microsoft.com/office/2017/10/relationships/person
[INFO ] 2026-05-08 18:46:00.726 [TestNG-PoolService-1] Basetest - Setting Chrome Driver
[INFO ] 2026-05-08 18:46:01.486 [TestNG-PoolService-1] Basetest - Getting Chrome Driver
[INFO ] 2026-05-08 18:46:01.486 [TestNG-PoolService-1] Basetest - maximizing browser window
[INFO ] 2026-05-08 18:46:01.520 [TestNG-PoolService-1] Basetest - launching url in browser
[INFO ] 2026-05-08 18:46:24.693 [TestNG-PoolService-1] Basetest - Entering new username: Adhi
Entering new email: rishwa789@gmail.com
[INFO ] 2026-05-08 18:46:44.990 [TestNG-PoolService-1] Basetest - invalid register error message thrown Successfully
[INFO ] 2026-05-08 18:46:44.993 [TestNG-PoolService-1] Basetest - quitting driver
[DEBUG] 2026-05-08 18:46:45.227 [main] PackageRelationshipCollection - Parsing relationship: /xl/_rels/workbook.xml.rels
[DEBUG] 2026-05-08 18:46:45.228 [main] PackageRelationshipCollection - Parsing relationship: /xl/worksheets/_rels/sheet1.xml.rels
[DEBUG] 2026-05-08 18:46:45.229 [main] PackageRelationshipCollection - Parsing relationship: /xl/worksheets/_rels/sheet2.xml.rels
[DEBUG] 2026-05-08 18:46:45.230 [main] PackageRelationshipCollection - Parsing relationship: /xl/worksheets/_rels/sheet3.xml.rels
[DEBUG] 2026-05-08 18:46:45.231 [main] PackageRelationshipCollection - Parsing relationship: /xl/worksheets/_rels/sheet4.xml.rels
[DEBUG] 2026-05-08 18:46:45.231 [main] PackageRelationshipCollection - Parsing relationship: /_rels/.rels
[DEBUG] 2026-05-08 18:46:45.239 [main] POIXMLFactory - using default POIXMLDocumentPart for http://schemas.microsoft.com/office/2017/10/relationships/person
[INFO ] 2026-05-08 18:46:45.249 [TestNG-PoolService-1] Basetest - Setting Chrome Driver
[INFO ] 2026-05-08 18:46:45.927 [TestNG-PoolService-1] Basetest - Getting Chrome Driver
[INFO ] 2026-05-08 18:46:45.927 [TestNG-PoolService-1] Basetest - maximizing browser window
[INFO ] 2026-05-08 18:46:45.962 [TestNG-PoolService-1] Basetest - launching url in browser
[INFO ] 2026-05-08 18:46:57.792 [TestNG-PoolService-1] Basetest - Entering valid Email: rishwa789@gmail.com
Enetering valid Password
[INFO ] 2026-05-08 18:47:36.510 [TestNG-PoolService-1] Basetest - Login Successfull
[INFO ] 2026-05-08 18:47:36.513 [TestNG-PoolService-1] Basetest - quitting driver
[DEBUG] 2026-05-08 18:47:36.714 [main] PackageRelationshipCollection - Parsing relationship: /xl/_rels/workbook.xml.rels
[DEBUG] 2026-05-08 18:47:36.715 [main] PackageRelationshipCollection - Parsing relationship: /xl/worksheets/_rels/sheet1.xml.rels
[DEBUG] 2026-05-08 18:47:36.716 [main] PackageRelationshipCollection - Parsing relationship: /xl/worksheets/_rels/sheet2.xml.rels
[DEBUG] 2026-05-08 18:47:36.718 [main] PackageRelationshipCollection - Parsing relationship: /xl/worksheets/_rels/sheet3.xml.rels
[DEBUG] 2026-05-08 18:47:36.719 [main] PackageRelationshipCollection - Parsing relationship: /xl/worksheets/_rels/sheet4.xml.rels
[DEBUG] 2026-05-08 18:47:36.720 [main] PackageRelationshipCollection - Parsing relationship: /_rels/.rels
[DEBUG] 2026-05-08 18:47:36.731 [main] POIXMLFactory - using default POIXMLDocumentPart for http://schemas.microsoft.com/office/2017/10/relationships/person
[INFO ] 2026-05-08 18:47:36.745 [TestNG-PoolService-1] Basetest - Setting Chrome Driver
[INFO ] 2026-05-08 18:47:37.414 [TestNG-PoolService-1] Basetest - Getting Chrome Driver
[INFO ] 2026-05-08 18:47:37.414 [TestNG-PoolService-1] Basetest - maximizing browser window
[INFO ] 2026-05-08 18:47:37.437 [TestNG-PoolService-1] Basetest - launching url in browser
[INFO ] 2026-05-08 18:47:50.981 [TestNG-PoolService-1] Basetest - Entering valid Email: rishwa789@gmail.com
Enetering invalid Password
[INFO ] 2026-05-08 18:47:57.732 [TestNG-PoolService-1] Basetest - Got Error message for invalid login
[INFO ] 2026-05-08 18:47:57.734 [TestNG-PoolService-1] Basetest - quitting driver
[DEBUG] 2026-05-08 21:33:50.549 [main] PackageRelationshipCollection - Parsing relationship: /xl/_rels/workbook.xml.rels
[DEBUG] 2026-05-08 21:33:50.554 [main] PackageRelationshipCollection - Parsing relationship: /xl/worksheets/_rels/sheet1.xml.rels
[DEBUG] 2026-05-08 21:33:50.555 [main] PackageRelationshipCollection - Parsing relationship: /xl/worksheets/_rels/sheet2.xml.rels
[DEBUG] 2026-05-08 21:33:50.556 [main] PackageRelationshipCollection - Parsing relationship: /xl/worksheets/_rels/sheet3.xml.rels
[DEBUG] 2026-05-08 21:33:50.557 [main] PackageRelationshipCollection - Parsing relationship: /xl/worksheets/_rels/sheet4.xml.rels
[DEBUG] 2026-05-08 21:33:50.558 [main] PackageRelationshipCollection - Parsing relationship: /_rels/.rels
[DEBUG] 2026-05-08 21:33:50.836 [main] POIXMLFactory - using default POIXMLDocumentPart for http://schemas.microsoft.com/office/2017/10/relationships/person
[INFO ] 2026-05-08 21:33:50.921 [TestNG-PoolService-1] Basetest - Setting Chrome Driver
[INFO ] 2026-05-08 21:33:52.163 [TestNG-PoolService-1] Basetest - Getting Chrome Driver
[INFO ] 2026-05-08 21:33:52.164 [TestNG-PoolService-1] Basetest - maximizing browser window
[INFO ] 2026-05-08 21:33:52.202 [TestNG-PoolService-1] Basetest - launching url in browser
[INFO ] 2026-05-08 21:34:07.466 [TestNG-PoolService-1] Basetest - Entering new username: rishwanth16
Entering new email: rishwa789@gmail.com
Entering Details
[INFO ] 2026-05-08 21:34:17.279 [TestNG-PoolService-1] Basetest - New Account Created Successfully
[INFO ] 2026-05-08 21:34:17.283 [TestNG-PoolService-1] Basetest - quitting driver
[DEBUG] 2026-05-08 21:34:17.487 [main] PackageRelationshipCollection - Parsing relationship: /xl/_rels/workbook.xml.rels
[DEBUG] 2026-05-08 21:34:17.488 [main] PackageRelationshipCollection - Parsing relationship: /xl/worksheets/_rels/sheet1.xml.rels
[DEBUG] 2026-05-08 21:34:17.489 [main] PackageRelationshipCollection - Parsing relationship: /xl/worksheets/_rels/sheet2.xml.rels
[DEBUG] 2026-05-08 21:34:17.489 [main] PackageRelationshipCollection - Parsing relationship: /xl/worksheets/_rels/sheet3.xml.rels
[DEBUG] 2026-05-08 21:34:17.490 [main] PackageRelationshipCollection - Parsing relationship: /xl/worksheets/_rels/sheet4.xml.rels
[DEBUG] 2026-05-08 21:34:17.490 [main] PackageRelationshipCollection - Parsing relationship: /_rels/.rels
[DEBUG] 2026-05-08 21:34:17.499 [main] POIXMLFactory - using default POIXMLDocumentPart for http://schemas.microsoft.com/office/2017/10/relationships/person
[INFO ] 2026-05-08 21:34:17.514 [TestNG-PoolService-1] Basetest - Setting Chrome Driver
[INFO ] 2026-05-08 21:34:18.233 [TestNG-PoolService-1] Basetest - Getting Chrome Driver
[INFO ] 2026-05-08 21:34:18.234 [TestNG-PoolService-1] Basetest - maximizing browser window
[INFO ] 2026-05-08 21:34:18.262 [TestNG-PoolService-1] Basetest - launching url in browser
[INFO ] 2026-05-08 21:34:38.728 [TestNG-PoolService-1] Basetest - Entering new username: Adhi
Entering new email: rishwa789@gmail.com
[INFO ] 2026-05-08 21:34:43.580 [TestNG-PoolService-1] Basetest - invalid register error message thrown Successfully
[INFO ] 2026-05-08 21:34:43.582 [TestNG-PoolService-1] Basetest - quitting driver
[DEBUG] 2026-05-08 21:34:43.775 [main] PackageRelationshipCollection - Parsing relationship: /xl/_rels/workbook.xml.rels
[DEBUG] 2026-05-08 21:34:43.776 [main] PackageRelationshipCollection - Parsing relationship: /xl/worksheets/_rels/sheet1.xml.rels
[DEBUG] 2026-05-08 21:34:43.777 [main] PackageRelationshipCollection - Parsing relationship: /xl/worksheets/_rels/sheet2.xml.rels
[DEBUG] 2026-05-08 21:34:43.777 [main] PackageRelationshipCollection - Parsing relationship: /xl/worksheets/_rels/sheet3.xml.rels
[DEBUG] 2026-05-08 21:34:43.778 [main] PackageRelationshipCollection - Parsing relationship: /xl/worksheets/_rels/sheet4.xml.rels
[DEBUG] 2026-05-08 21:34:43.778 [main] PackageRelationshipCollection - Parsing relationship: /_rels/.rels
[DEBUG] 2026-05-08 21:34:43.788 [main] POIXMLFactory - using default POIXMLDocumentPart for http://schemas.microsoft.com/office/2017/10/relationships/person
[INFO ] 2026-05-08 21:34:43.799 [TestNG-PoolService-1] Basetest - Setting Chrome Driver
[INFO ] 2026-05-08 21:34:44.459 [TestNG-PoolService-1] Basetest - Getting Chrome Driver
[INFO ] 2026-05-08 21:34:44.459 [TestNG-PoolService-1] Basetest - maximizing browser window
[INFO ] 2026-05-08 21:34:44.483 [TestNG-PoolService-1] Basetest - launching url in browser
[INFO ] 2026-05-08 21:34:50.725 [TestNG-PoolService-1] Basetest - Entering valid Email: rishwa789@gmail.com
Enetering valid Password
[INFO ] 2026-05-08 21:34:58.548 [TestNG-PoolService-1] Basetest - Login Successfull
[INFO ] 2026-05-08 21:34:58.550 [TestNG-PoolService-1] Basetest - quitting driver
[DEBUG] 2026-05-08 21:34:58.732 [main] PackageRelationshipCollection - Parsing relationship: /xl/_rels/workbook.xml.rels
[DEBUG] 2026-05-08 21:34:58.733 [main] PackageRelationshipCollection - Parsing relationship: /xl/worksheets/_rels/sheet1.xml.rels
[DEBUG] 2026-05-08 21:34:58.734 [main] PackageRelationshipCollection - Parsing relationship: /xl/worksheets/_rels/sheet2.xml.rels
[DEBUG] 2026-05-08 21:34:58.734 [main] PackageRelationshipCollection - Parsing relationship: /xl/worksheets/_rels/sheet3.xml.rels
[DEBUG] 2026-05-08 21:34:58.735 [main] PackageRelationshipCollection - Parsing relationship: /xl/worksheets/_rels/sheet4.xml.rels
[DEBUG] 2026-05-08 21:34:58.735 [main] PackageRelationshipCollection - Parsing relationship: /_rels/.rels
[DEBUG] 2026-05-08 21:34:58.743 [main] POIXMLFactory - using default POIXMLDocumentPart for http://schemas.microsoft.com/office/2017/10/relationships/person
[INFO ] 2026-05-08 21:34:58.753 [TestNG-PoolService-1] Basetest - Setting Chrome Driver
[INFO ] 2026-05-08 21:34:59.502 [TestNG-PoolService-1] Basetest - Getting Chrome Driver
[INFO ] 2026-05-08 21:34:59.502 [TestNG-PoolService-1] Basetest - maximizing browser window
[INFO ] 2026-05-08 21:34:59.529 [TestNG-PoolService-1] Basetest - launching url in browser
[INFO ] 2026-05-08 21:35:06.576 [TestNG-PoolService-1] Basetest - Entering valid Email: rishwa789@gmail.com
Enetering invalid Password
[INFO ] 2026-05-08 21:35:12.781 [TestNG-PoolService-1] Basetest - Got Error message for invalid login
[INFO ] 2026-05-08 21:35:12.783 [TestNG-PoolService-1] Basetest - quitting driver
